0 info it worked if it ends with ok
1 verbose cli [ '/usr/bin/node', '/usr/bin/npm', 'publish' ]
2 info using npm@3.10.6
3 info using node@v6.3.1
4 verbose publish [ '.' ]
5 silly cache add args [ '.', null ]
6 verbose cache add spec .
7 silly cache add parsed spec Result {
7 silly cache add   raw: '.',
7 silly cache add   scope: null,
7 silly cache add   escapedName: null,
7 silly cache add   name: null,
7 silly cache add   rawSpec: '.',
7 silly cache add   spec: '/root/nginxbeautifier',
7 silly cache add   type: 'directory' }
8 verbose addLocalDirectory /root/.npm/nginxbeautifier/1.0.4/package.tgz not in flight; packing
9 verbose correctMkdir /root/.npm correctMkdir not in flight; initializing
10 info lifecycle nginxbeautifier@1.0.4~prepublish: nginxbeautifier@1.0.4
11 silly lifecycle nginxbeautifier@1.0.4~prepublish: no script for prepublish, continuing
12 verbose tar pack [ '/root/.npm/nginxbeautifier/1.0.4/package.tgz',
12 verbose tar pack   '/root/nginxbeautifier' ]
13 verbose tarball /root/.npm/nginxbeautifier/1.0.4/package.tgz
14 verbose folder /root/nginxbeautifier
15 verbose addLocalTarball adding from inside cache /root/.npm/nginxbeautifier/1.0.4/package.tgz
16 verbose correctMkdir /root/.npm correctMkdir not in flight; initializing
17 silly cache afterAdd nginxbeautifier@1.0.4
18 verbose afterAdd /root/.npm/nginxbeautifier/1.0.4/package/package.json not in flight; writing
19 verbose correctMkdir /root/.npm correctMkdir not in flight; initializing
20 verbose afterAdd /root/.npm/nginxbeautifier/1.0.4/package/package.json written
21 silly publish { name: 'nginxbeautifier',
21 silly publish   version: '1.0.4',
21 silly publish   description: 'Nginx Configuration Beautifier',
21 silly publish   main: 'nginxbeautifier',
21 silly publish   git: 'git@github.com:vasilevich/nginxbeautifier.git',
21 silly publish   bin: { nginxbeautifier: 'nginxbeautifier.js' },
21 silly publish   preferGlobal: true,
21 silly publish   engines: { node: '>0.10.32' },
21 silly publish   keywords:
21 silly publish    [ 'nginx',
21 silly publish      'beautifier',
21 silly publish      'formatter',
21 silly publish      'prettifier',
21 silly publish      'pretty',
21 silly publish      'config',
21 silly publish      'server' ],
21 silly publish   author:
21 silly publish    { name: 'Yosef',
21 silly publish      email: 'vasilevich1234@gmail.com',
21 silly publish      url: 'https://nginxbeautifier.com' },
21 silly publish   license: 'Apache-2.0',
21 silly publish   scripts: { test: 'nginxbeautifier' },
21 silly publish   repository:
21 silly publish    { type: 'git',
21 silly publish      url: 'git+https://github.com/vasilevich/nginxbeautifier.git' },
21 silly publish   bugs: { url: 'https://github.com/vasilevich/nginxbeautifier/issues' },
21 silly publish   homepage: 'https://github.com/vasilevich/nginxbeautifier#readme',
21 silly publish   dependencies: {},
21 silly publish   readme: '# *nginx* config file formatter and beautifier\nThis Javascript script beautifies and formats Nginx configuration files like so:\n\n* all lines are indented in uniform manner, with 4 spaces per level\n* neighbouring empty lines are collapsed to at most two empty lines\n* curly braces placement follows Java convention\n* whitespaces are collapsed, except in comments an quotation marks\n\n# Where\n### From our website\nThis project can be used directly at:\n[nginxbeautifier.com](http://nginxbeautifier.com)\n### From the NPM repository\n[Please see Installation section below](#Installation_14).\n### From the Arch-AUR repository\n[Please see Installation section below](#Installation_14).\n# Installation\n[NodeJS is needed to run this program](https://nodejs.org/en/download/package-manager/).\n## You can install nginxbeautifier using one of the ways below:\n### From AUR\n#### Using pacaur\n```\npacaur -S nginxbeautifier\n```\n### From NPM repository\n```\nnpm install -G nginxbeautifier\n```\n### Directly from source\nsimpley clone our repository and copy the executable to your /usr/bin so you can use it anywhere on the system(unix only).\n```\ngit clone https://github.com/vasilevich/nginxbeautifier\ncp nginxbeautifier/nginxbeautifier.js /usr/bin/nginxbeautifier\n```\n\n# How to use\nUsage: nginxbeautifier [OPTION]... [FILE]...  \nDescription: Formats nginx conf files into a more readable format by re-indenting the lines.  \n  \nMandatory arguments to long options are mandatory for short options too, Arguments are case insensitive.  \n-h, --help,  Show this help text.  \n-s, --space,  Amount of spaces to indent with, Can not be used if tabs are specified.  \n-t, --tabs,  Amount of tabs to indent with, Can not be used if spaces are specified.  \n-dj, --dontjoin, --dont-join,  if set to true, commands such as \'server\' and \'{\' will be on a seperate line, false by default (\'server {\' )  \n-r, --recursive,  scan the whole current folder, and all sub folders recursively.  \n-i, --input,  The file to input, is optional if you provide a path after all the arguments.  \n-o, --output,  The file to output to, is optional if you provide a path after all the arguments.  \n-e, -ext, --extension,  The extension of the config file to look for(.conf by default).  \n  \n## Usage examples:\n(1)>nginxbeautifier -s 4 -r sites-enabled/  \n(2)>nginxbeautifier -s 4 -r /etc/nginx/sites-enabled/  \n(3)>nginxbeautifier -s 4 -i /etc/nginx/sites-enabled/site.conf -o /etc/nginx/sites-enabled/newSite.conf  \n(4)>nginxbeautifier -s 4 -i /etc/nginx/sites-enabled/site.conf  \n(5)>nginxbeautifier -s 4 -i /etc/nginx/sites-enabled/*  \n(6)>nginxbeautifier -t 4 -i /etc/nginx/sites-enabled/*  \n(7)>nginxbeautifier -t 4 /etc/nginx/sites-enabled/*  \n(8)>nginxbeautifier -t 4 -i /etc/nginx/sites-enabled/* -o /etc/nginx/new-sites-enabled/* \n\n\n## Credits\n\n[Michał Słomkowski](https://github.com/1connect) - Original code was ported from [their project](https://github.com/1connect/nginx-config-formatter)([nginxfmt.py](https://github.com/1connect/nginx-config-formatter/blob/master/nginxfmt.py)), and also used their [readme.md](https://github.com/1connect/nginx-config-formatter/blob/master/README.md) as a template.\nsome methods were rewritten or changed a bit, but most of the code follows their design.\n\n\n## Notes:\nI am keeping the same licenese format as the one that was given by the owner of the project the code was ported from: [Apache 2.0](https://github.com/vasilevich/nginxbeautifier/blob/master/LICENSE).',
21 silly publish   readmeFilename: 'README.md',
21 silly publish   gitHead: '831b19ef9cebf8b39d2c4cb65f26db11458d25a3',
21 silly publish   _id: 'nginxbeautifier@1.0.4',
21 silly publish   _shasum: 'f34007a7ad7acf30e5c335d193512fb5dffbde85',
21 silly publish   _from: '.' }
22 verbose getPublishConfig undefined
23 silly mapToRegistry name nginxbeautifier
24 silly mapToRegistry using default registry
25 silly mapToRegistry registry https://registry.npmjs.org/
26 silly mapToRegistry data Result {
26 silly mapToRegistry   raw: 'nginxbeautifier',
26 silly mapToRegistry   scope: null,
26 silly mapToRegistry   escapedName: 'nginxbeautifier',
26 silly mapToRegistry   name: 'nginxbeautifier',
26 silly mapToRegistry   rawSpec: '',
26 silly mapToRegistry   spec: 'latest',
26 silly mapToRegistry   type: 'tag' }
27 silly mapToRegistry uri https://registry.npmjs.org/nginxbeautifier
28 verbose publish registryBase https://registry.npmjs.org/
29 silly publish uploading /root/.npm/nginxbeautifier/1.0.4/package.tgz
30 verbose request uri https://registry.npmjs.org/nginxbeautifier
31 verbose request sending authorization for write operation
32 info attempt registry request try #1 at 1:46:18 PM
33 verbose request using bearer token for auth
34 verbose request id ec2474b00b25bf2a
35 http request PUT https://registry.npmjs.org/nginxbeautifier
36 http 403 https://registry.npmjs.org/nginxbeautifier
37 verbose headers { 'content-type': 'application/json',
37 verbose headers   'cache-control': 'max-age=300',
37 verbose headers   'content-length': '95',
37 verbose headers   'accept-ranges': 'bytes',
37 verbose headers   date: 'Fri, 26 Aug 2016 13:46:19 GMT',
37 verbose headers   via: '1.1 varnish',
37 verbose headers   connection: 'keep-alive',
37 verbose headers   'x-served-by': 'cache-lhr6338-LHR',
37 verbose headers   'x-cache': 'MISS',
37 verbose headers   'x-cache-hits': '0',
37 verbose headers   'x-timer': 'S1472219178.959921,VS0,VE875',
37 verbose headers   vary: 'Accept-Encoding' }
38 verbose request invalidating /root/.npm/registry.npmjs.org/nginxbeautifier on PUT
39 error publish Failed PUT 403
40 verbose stack Error: "You cannot publish over the previously published version 1.0.4." : nginxbeautifier
40 verbose stack     at makeError (/usr/lib/node_modules/npm/node_modules/npm-registry-client/lib/request.js:264:12)
40 verbose stack     at CachingRegistryClient.<anonymous> (/usr/lib/node_modules/npm/node_modules/npm-registry-client/lib/request.js:252:14)
40 verbose stack     at Request._callback (/usr/lib/node_modules/npm/node_modules/npm-registry-client/lib/request.js:172:14)
40 verbose stack     at Request.self.callback (/usr/lib/node_modules/npm/node_modules/request/request.js:200:22)
40 verbose stack     at emitTwo (events.js:106:13)
40 verbose stack     at Request.emit (events.js:191:7)
40 verbose stack     at Request.<anonymous> (/usr/lib/node_modules/npm/node_modules/request/request.js:1067:10)
40 verbose stack     at emitOne (events.js:101:20)
40 verbose stack     at Request.emit (events.js:188:7)
40 verbose stack     at IncomingMessage.<anonymous> (/usr/lib/node_modules/npm/node_modules/request/request.js:988:12)
41 verbose statusCode 403
42 verbose pkgid nginxbeautifier
43 verbose cwd /root/nginxbeautifier
44 error Linux 4.5.4-std-1
45 error argv "/usr/bin/node" "/usr/bin/npm" "publish"
46 error node v6.3.1
47 error npm  v3.10.6
48 error code E403
49 error "You cannot publish over the previously published version 1.0.4." : nginxbeautifier
50 error If you need help, you may report this error at:
50 error     <https://github.com/npm/npm/issues>
51 verbose exit [ 1, true ]
